[00:46:09] [Server thread/WARN]: Can't keep up! Did the system time change, or is the server overloaded? Running 1200298ms behind, skipping 24005 tick(s)
[01:06:47] [Server thread/WARN]: Can't keep up! Did the system time change, or is the server overloaded? Running 1200607ms behind, skipping 24012 tick(s)
[01:27:26] [Server thread/WARN]: Can't keep up! Did the system time change, or is the server overloaded? Running 1201645ms behind, skipping 24032 tick(s)
[01:48:04] [Server thread/WARN]: Can't keep up! Did the system time change, or is the server overloaded? Running 1200657ms behind, skipping 24013 tick(s)
[02:08:42] [Server thread/WARN]: Can't keep up! Did the system time change, or is the server overloaded? Running 1200658ms behind, skipping 24013 tick(s)
[02:29:20] [Server thread/WARN]: Can't keep up! Did the system time change, or is the server overloaded? Running 1200632ms behind, skipping 24012 tick(s)
[02:49:59] [Server thread/WARN]: Can't keep up! Did the system time change, or is the server overloaded? Running 1201672ms behind, skipping 24033 tick(s)
[03:10:37] [Server thread/WARN]: Can't keep up! Did the system time change, or is the server overloaded? Running 1200634ms behind, skipping 24012 tick(s)
[03:26:10] [Server thread/WARN]: Can't keep up! Did the system time change, or is the server overloaded? Running 895651ms behind, skipping 17913 tick(s)
[05:26:23] [Server thread/WARN]: Can't keep up! Did the system time change, or is the server overloaded? Running 7202958ms behind, skipping 144059 tick(s)
[05:42:02] [Server thread/WARN]: Can't keep up! Did the system time change, or is the server overloaded? Running 901495ms behind, skipping 18029 tick(s)
[07:42:15] [Server thread/WARN]: Can't keep up! Did the system time change, or is the server overloaded? Running 7202499ms behind, skipping 144049 tick(s)
[07:57:54] [Server thread/WARN]: Can't keep up! Did the system time change, or is the server overloaded? Running 901484ms behind, skipping 18029 tick(s)
[09:58:07] [Server thread/WARN]: Can't keep up! Did the system time change, or is the server overloaded? Running 7202456ms behind, skipping 144049 tick(s)
[10:13:46] [Server thread/WARN]: Can't keep up! Did the system time change, or is the server overloaded? Running 901506ms behind, skipping 18030 tick(s)
[11:07:54] [Server thread/WARN]: Can't keep up! Did the system time change, or is the server overloaded? Running 3238026ms behind, skipping 64760 tick(s)
[11:08:13] [Server thread/INFO]: Saving and pausing game...
[11:08:13] [Server thread/INFO]: Saving chunks for level 'TEMP_10000_f99172b7-f3ce-44ae-99fe-e87b1c93942c'/Overworld
[11:08:13] [Server thread/INFO]: Saving chunks for level 'TEMP_10000_f99172b7-f3ce-44ae-99fe-e87b1c93942c'/Nether
[11:08:13] [Server thread/INFO]: Saving chunks for level 'TEMP_10000_f99172b7-f3ce-44ae-99fe-e87b1c93942c'/The End
[11:08:15] [Client thread/INFO]: [STDOUT]: Toggling control between human and AI - now HUMAN
[11:08:34] [Server thread/INFO]: Saving and pausing game...
[11:08:34] [Server thread/INFO]: Saving chunks for level 'TEMP_10000_f99172b7-f3ce-44ae-99fe-e87b1c93942c'/Overworld
[11:08:34] [Server thread/INFO]: Saving chunks for level 'TEMP_10000_f99172b7-f3ce-44ae-99fe-e87b1c93942c'/Nether
[11:08:34] [Server thread/INFO]: Saving chunks for level 'TEMP_10000_f99172b7-f3ce-44ae-99fe-e87b1c93942c'/The End
[11:08:35] [Server thread/INFO]: Stopping server
[11:08:35] [Server thread/INFO]: Saving players
[11:08:35] [Server thread/INFO]: Agent lost connection: TextComponent{text='Disconnected', siblings=[], style=Style{hasParent=false, color=null, bold=null, italic=null, underlined=null, obfuscated=null, clickEvent=null, hoverEvent=null, insertion=null}}
[11:08:35] [Server thread/INFO]: Agent left the game
[11:08:35] [Server thread/INFO]: Stopping singleplayer server as player logged out
[11:08:35] [Server thread/INFO]: Saving worlds
[11:08:35] [Server thread/INFO]: Saving chunks for level 'TEMP_10000_f99172b7-f3ce-44ae-99fe-e87b1c93942c'/Overworld
[11:08:35] [Server thread/INFO]: Saving chunks for level 'TEMP_10000_f99172b7-f3ce-44ae-99fe-e87b1c93942c'/Nether
[11:08:35] [Server thread/INFO]: Saving chunks for level 'TEMP_10000_f99172b7-f3ce-44ae-99fe-e87b1c93942c'/The End
[11:08:36] [Client thread/INFO]: Stopping!
[11:08:36] [Client thread/INFO]: SoundSystem shutting down...
[11:08:37] [Client thread/WARN]: Author: Paul Lamb, www.paulscode.com
